# JRE version: Java(TM) SE Runtime Environment (8.0_51-b16) (build 1.8.0_51-b16)
# Java VM: Java HotSpot(TM) 64-Bit Server VM (25.51-b03 mixed mode windows-amd64 compressed oops)
Heap:
 PSYoungGen      total 2333184K, used 1335988K [0x0000000716a00000, 0x00000007c0000000, 0x00000007c0000000)
  eden space 2097152K, 60% used [0x0000000716a00000,0x0000000764b420a8,0x0000000796a00000)
  from space 236032K, 24% used [0x00000007b1980000,0x00000007b50eafd8,0x00000007c0000000)
  to   space 338944K, 0% used [0x0000000796a00000,0x0000000796a00000,0x00000007ab500000)
 ParOldGen       total 1178624K, used 751457K [0x00000005c3e00000, 0x000000060bd00000, 0x0000000716a00000)
  object space 1178624K, 63% used [0x00000005c3e00000,0x00000005f1bd8730,0x000000060bd00000)
 Metaspace       used 90059K, capacity 92427K, committed 92672K, reserved 1128448K
  class space    used 13227K, capacity 14003K, committed 14080K, reserved 1048576K
GC Heap History (10 events):
Event: 42.962 GC heap before
{Heap before GC invocations=27 (full 4):
 PSYoungGen      total 2149376K, used 1952768K [0x0000000716a00000, 0x00000007a6980000, 0x00000007c0000000)
  eden space 1952768K, 100% used [0x0000000716a00000,0x000000078dd00000,0x000000078dd00000)
  from space 196608K, 0% used [0x000000079a200000,0x000000079a200000,0x00000007a6200000)
  to   space 201728K, 0% used [0x000000078dd00000,0x000000078dd00000,0x000000079a200000)
 ParOldGen       total 751616K, used 417127K [0x00000005c3e00000, 0x00000005f1c00000, 0x0000000716a00000)
  object space 751616K, 55% used [0x00000005c3e00000,0x00000005dd559c10,0x00000005f1c00000)
 Metaspace       used 86776K, capacity 88979K, committed 89216K, reserved 1124352K
  class space    used 12900K, capacity 13617K, committed 13696K, reserved 1048576K
Event: 43.026 GC heap after
Heap after GC invocations=27 (full 4):
 PSYoungGen      total 2154496K, used 129472K [0x0000000716a00000, 0x00000007bd900000, 0x00000007c0000000)
  eden space 1952768K, 0% used [0x0000000716a00000,0x0000000716a00000,0x000000078dd00000)
  from space 201728K, 64% used [0x000000078dd00000,0x0000000795b70010,0x000000079a200000)
  to   space 207360K, 0% used [0x00000007b0e80000,0x00000007b0e80000,0x00000007bd900000)
 ParOldGen       total 751616K, used 417127K [0x00000005c3e00000, 0x00000005f1c00000, 0x0000000716a00000)
  object space 751616K, 55% used [0x00000005c3e00000,0x00000005dd559c10,0x00000005f1c00000)
 Metaspace       used 86776K, capacity 88979K, committed 89216K, reserved 1124352K
  class space    used 12900K, capacity 13617K, committed 13696K, reserved 1048576K
}
Event: 43.883 GC heap before
{Heap before GC invocations=28 (full 4):
 PSYoungGen      total 2154496K, used 2082240K [0x0000000716a00000, 0x00000007bd900000, 0x00000007c0000000)
  eden space 1952768K, 100% used [0x0000000716a00000,0x000000078dd00000,0x000000078dd00000)
  from space 201728K, 64% used [0x000000078dd00000,0x0000000795b70010,0x000000079a200000)
  to   space 207360K, 0% used [0x00000007b0e80000,0x00000007b0e80000,0x00000007bd900000)
 ParOldGen       total 751616K, used 417127K [0x00000005c3e00000, 0x00000005f1c00000, 0x0000000716a00000)
  object space 751616K, 55% used [0x00000005c3e00000,0x00000005dd559c10,0x00000005f1c00000)
 Metaspace       used 86776K, capacity 88979K, committed 89216K, reserved 1124352K
  class space    used 12900K, capacity 13617K, committed 13696K, reserved 1048576K
Event: 43.930 GC heap after
Heap after GC invocations=28 (full 4):
 PSYoungGen      total 2539008K, used 90048K [0x0000000716a00000, 0x00000007be480000, 0x00000007c0000000)
  eden space 2331648K, 0% used [0x0000000716a00000,0x0000000716a00000,0x00000007a4f00000)
  from space 207360K, 43% used [0x00000007b0e80000,0x00000007b6670010,0x00000007bd900000)
  to   space 196096K, 0% used [0x00000007a4f00000,0x00000007a4f00000,0x00000007b0e80000)
 ParOldGen       total 751616K, used 417127K [0x00000005c3e00000, 0x00000005f1c00000, 0x0000000716a00000)
  object space 751616K, 55% used [0x00000005c3e00000,0x00000005dd559c10,0x00000005f1c00000)
 Metaspace       used 86776K, capacity 88979K, committed 89216K, reserved 1124352K
  class space    used 12900K, capacity 13617K, committed 13696K, reserved 1048576K
}
Event: 49.360 GC heap before
{Heap before GC invocations=29 (full 4):
 PSYoungGen      total 2539008K, used 2421696K [0x0000000716a00000, 0x00000007be480000, 0x00000007c0000000)
  eden space 2331648K, 100% used [0x0000000716a00000,0x00000007a4f00000,0x00000007a4f00000)
  from space 207360K, 43% used [0x00000007b0e80000,0x00000007b6670010,0x00000007bd900000)
  to   space 196096K, 0% used [0x00000007a4f00000,0x00000007a4f00000,0x00000007b0e80000)
 ParOldGen       total 751616K, used 417127K [0x00000005c3e00000, 0x00000005f1c00000, 0x0000000716a00000)
  object space 751616K, 55% used [0x00000005c3e00000,0x00000005dd559c10,0x00000005f1c00000)
 Metaspace       used 87291K, capacity 89627K, committed 89728K, reserved 1126400K
  class space    used 12944K, capacity 13695K, committed 13696K, reserved 1048576K
Event: 49.478 GC heap after
Heap after GC invocations=29 (full 4):
 PSYoungGen      total 2527744K, used 196076K [0x0000000716a00000, 0x00000007c0000000, 0x00000007c0000000)
  eden space 2331648K, 0% used [0x0000000716a00000,0x0000000716a00000,0x00000007a4f00000)
  from space 196096K, 99% used [0x00000007a4f00000,0x00000007b0e7b100,0x00000007b0e80000)
  to   space 236032K, 0% used [0x00000007b1980000,0x00000007b1980000,0x00000007c0000000)
 ParOldGen       total 751616K, used 446443K [0x00000005c3e00000, 0x00000005f1c00000, 0x0000000716a00000)
  object space 751616K, 59% used [0x00000005c3e00000,0x00000005df1facc8,0x00000005f1c00000)
 Metaspace       used 87291K, capacity 89627K, committed 89728K, reserved 1126400K
  class space    used 12944K, capacity 13695K, committed 13696K, reserved 1048576K
}
Event: 55.078 GC heap before
{Heap before GC invocations=30 (full 4):
 PSYoungGen      total 2527744K, used 2527724K [0x0000000716a00000, 0x00000007c0000000, 0x00000007c0000000)
  eden space 2331648K, 100% used [0x0000000716a00000,0x00000007a4f00000,0x00000007a4f00000)
  from space 196096K, 99% used [0x00000007a4f00000,0x00000007b0e7b100,0x00000007b0e80000)
  to   space 236032K, 0% used [0x00000007b1980000,0x00000007b1980000,0x00000007c0000000)
 ParOldGen       total 751616K, used 446443K [0x00000005c3e00000, 0x00000005f1c00000, 0x0000000716a00000)
  object space 751616K, 59% used [0x00000005c3e00000,0x00000005df1facc8,0x00000005f1c00000)
 Metaspace       used 89386K, capacity 91823K, committed 92160K, reserved 1128448K
  class space    used 13175K, capacity 13961K, committed 14080K, reserved 1048576K
Event: 55.340 GC heap after
Heap after GC invocations=30 (full 4):
 PSYoungGen      total 2333184K, used 236019K [0x0000000716a00000, 0x00000007c0000000, 0x00000007c0000000)
  eden space 2097152K, 0% used [0x0000000716a00000,0x0000000716a00000,0x0000000796a00000)
  from space 236032K, 99% used [0x00000007b1980000,0x00000007bfffce00,0x00000007c0000000)
  to   space 338944K, 0% used [0x0000000796a00000,0x0000000796a00000,0x00000007ab500000)
 ParOldGen       total 751616K, used 626412K [0x00000005c3e00000, 0x00000005f1c00000, 0x0000000716a00000)
  object space 751616K, 83% used [0x00000005c3e00000,0x00000005ea1bb138,0x00000005f1c00000)
 Metaspace       used 89386K, capacity 91823K, committed 92160K, reserved 1128448K
  class space    used 13175K, capacity 13961K, committed 14080K, reserved 1048576K
}
Event: 55.340 GC heap before
{Heap before GC invocations=31 (full 5):
 PSYoungGen      total 2333184K, used 236019K [0x0000000716a00000, 0x00000007c0000000, 0x00000007c0000000)
  eden space 2097152K, 0% used [0x0000000716a00000,0x0000000716a00000,0x0000000796a00000)
  from space 236032K, 99% used [0x00000007b1980000,0x00000007bfffce00,0x00000007c0000000)
  to   space 338944K, 0% used [0x0000000796a00000,0x0000000796a00000,0x00000007ab500000)
 ParOldGen       total 751616K, used 626412K [0x00000005c3e00000, 0x00000005f1c00000, 0x0000000716a00000)
  object space 751616K, 83% used [0x00000005c3e00000,0x00000005ea1bb138,0x00000005f1c00000)
 Metaspace       used 89386K, capacity 91823K, committed 92160K, reserved 1128448K
  class space    used 13175K, capacity 13961K, committed 14080K, reserved 1048576K
Event: 56.814 GC heap after
Heap after GC invocations=31 (full 5):
 PSYoungGen      total 2333184K, used 56747K [0x0000000716a00000, 0x00000007c0000000, 0x00000007c0000000)
  eden space 2097152K, 0% used [0x0000000716a00000,0x0000000716a00000,0x0000000796a00000)
  from space 236032K, 24% used [0x00000007b1980000,0x00000007b50eafd8,0x00000007c0000000)
  to   space 338944K, 0% used [0x0000000796a00000,0x0000000796a00000,0x00000007ab500000)
 ParOldGen       total 1178624K, used 751457K [0x00000005c3e00000, 0x000000060bd00000, 0x0000000716a00000)
  object space 1178624K, 63% used [0x00000005c3e00000,0x00000005f1bd8730,0x000000060bd00000)
 Metaspace       used 89386K, capacity 91823K, committed 92160K, reserved 1128448K
  class space    used 13175K, capacity 13961K, committed 14080K, reserved 1048576K
}

