# JRE version: Java(TM) SE Runtime Environment (8.0_51-b16) (build 1.8.0_51-b16)
# Java VM: Java HotSpot(TM) 64-Bit Server VM (25.51-b03 mixed mode windows-amd64 compressed oops)
Heap:
 PSYoungGen      total 2457600K, used 944156K [0x0000000716a00000, 0x00000007c0000000, 0x00000007c0000000)
  eden space 2176512K, 36% used [0x0000000716a00000,0x0000000746cbed10,0x000000079b780000)
  from space 281088K, 55% used [0x000000079b780000,0x00000007a4ec8518,0x00000007aca00000)
  to   space 317440K, 0% used [0x00000007aca00000,0x00000007aca00000,0x00000007c0000000)
 ParOldGen       total 1098240K, used 682685K [0x00000005c3e00000, 0x0000000606e80000, 0x0000000716a00000)
  object space 1098240K, 62% used [0x00000005c3e00000,0x00000005ed8af5f0,0x0000000606e80000)
 Metaspace       used 90065K, capacity 92427K, committed 92672K, reserved 1128448K
  class space    used 13224K, capacity 14003K, committed 14080K, reserved 1048576K
GC Heap History (10 events):
Event: 48.321 GC heap before
{Heap before GC invocations=28 (full 4):
 PSYoungGen      total 1873408K, used 1789372K [0x0000000716a00000, 0x00000007a1f00000, 0x00000007c0000000)
  eden space 1696768K, 100% used [0x0000000716a00000,0x000000077e300000,0x000000077e300000)
  from space 176640K, 52% used [0x000000077e300000,0x0000000783d6f098,0x0000000788f80000)
  to   space 172544K, 0% used [0x0000000797680000,0x0000000797680000,0x00000007a1f00000)
 ParOldGen       total 683008K, used 361194K [0x00000005c3e00000, 0x00000005ed900000, 0x0000000716a00000)
  object space 683008K, 52% used [0x00000005c3e00000,0x00000005d9ebab50,0x00000005ed900000)
 Metaspace       used 86674K, capacity 88915K, committed 89216K, reserved 1124352K
  class space    used 12898K, capacity 13617K, committed 13696K, reserved 1048576K
Event: 48.408 GC heap after
Heap after GC invocations=28 (full 4):
 PSYoungGen      total 2101760K, used 125424K [0x0000000716a00000, 0x00000007a8680000, 0x00000007c0000000)
  eden space 1929216K, 0% used [0x0000000716a00000,0x0000000716a00000,0x000000078c600000)
  from space 172544K, 72% used [0x0000000797680000,0x000000079f0fc040,0x00000007a1f00000)
  to   space 180736K, 0% used [0x000000078c600000,0x000000078c600000,0x0000000797680000)
 ParOldGen       total 683008K, used 361194K [0x00000005c3e00000, 0x00000005ed900000, 0x0000000716a00000)
  object space 683008K, 52% used [0x00000005c3e00000,0x00000005d9ebab50,0x00000005ed900000)
 Metaspace       used 86674K, capacity 88915K, committed 89216K, reserved 1124352K
  class space    used 12898K, capacity 13617K, committed 13696K, reserved 1048576K
}
Event: 50.798 GC heap before
{Heap before GC invocations=29 (full 4):
 PSYoungGen      total 2101760K, used 2054640K [0x0000000716a00000, 0x00000007a8680000, 0x00000007c0000000)
  eden space 1929216K, 100% used [0x0000000716a00000,0x000000078c600000,0x000000078c600000)
  from space 172544K, 72% used [0x0000000797680000,0x000000079f0fc040,0x00000007a1f00000)
  to   space 180736K, 0% used [0x000000078c600000,0x000000078c600000,0x0000000797680000)
 ParOldGen       total 683008K, used 361194K [0x00000005c3e00000, 0x00000005ed900000, 0x0000000716a00000)
  object space 683008K, 52% used [0x00000005c3e00000,0x00000005d9ebab50,0x00000005ed900000)
 Metaspace       used 86717K, capacity 88999K, committed 89216K, reserved 1124352K
  class space    used 12902K, capacity 13621K, committed 13696K, reserved 1048576K
Event: 50.968 GC heap after
Heap after GC invocations=29 (full 4):
 PSYoungGen      total 2109952K, used 180728K [0x0000000716a00000, 0x00000007ba180000, 0x00000007c0000000)
  eden space 1929216K, 0% used [0x0000000716a00000,0x0000000716a00000,0x000000078c600000)
  from space 180736K, 99% used [0x000000078c600000,0x000000079767e228,0x0000000797680000)
  to   space 220672K, 0% used [0x00000007aca00000,0x00000007aca00000,0x00000007ba180000)
 ParOldGen       total 683008K, used 397458K [0x00000005c3e00000, 0x00000005ed900000, 0x0000000716a00000)
  object space 683008K, 58% used [0x00000005c3e00000,0x00000005dc224ae0,0x00000005ed900000)
 Metaspace       used 86717K, capacity 88999K, committed 89216K, reserved 1124352K
  class space    used 12902K, capacity 13621K, committed 13696K, reserved 1048576K
}
Event: 56.518 GC heap before
{Heap before GC invocations=30 (full 4):
 PSYoungGen      total 2109952K, used 2109944K [0x0000000716a00000, 0x00000007ba180000, 0x00000007c0000000)
  eden space 1929216K, 100% used [0x0000000716a00000,0x000000078c600000,0x000000078c600000)
  from space 180736K, 99% used [0x000000078c600000,0x000000079767e228,0x0000000797680000)
  to   space 220672K, 0% used [0x00000007aca00000,0x00000007aca00000,0x00000007ba180000)
 ParOldGen       total 683008K, used 397458K [0x00000005c3e00000, 0x00000005ed900000, 0x0000000716a00000)
  object space 683008K, 58% used [0x00000005c3e00000,0x00000005dc224ae0,0x00000005ed900000)
 Metaspace       used 88177K, capacity 90491K, committed 90624K, reserved 1126400K
  class space    used 13035K, capacity 13791K, committed 13824K, reserved 1048576K
Event: 56.671 GC heap after
Heap after GC invocations=30 (full 4):
 PSYoungGen      total 2397184K, used 220655K [0x0000000716a00000, 0x00000007c0000000, 0x00000007c0000000)
  eden space 2176512K, 0% used [0x0000000716a00000,0x0000000716a00000,0x000000079b780000)
  from space 220672K, 99% used [0x00000007aca00000,0x00000007ba17bce0,0x00000007ba180000)
  to   space 281088K, 0% used [0x000000079b780000,0x000000079b780000,0x00000007aca00000)
 ParOldGen       total 683008K, used 469597K [0x00000005c3e00000, 0x00000005ed900000, 0x0000000716a00000)
  object space 683008K, 68% used [0x00000005c3e00000,0x00000005e0897400,0x00000005ed900000)
 Metaspace       used 88177K, capacity 90491K, committed 90624K, reserved 1126400K
  class space    used 13035K, capacity 13791K, committed 13824K, reserved 1048576K
}
Event: 61.094 GC heap before
{Heap before GC invocations=31 (full 4):
 PSYoungGen      total 2397184K, used 2397167K [0x0000000716a00000, 0x00000007c0000000, 0x00000007c0000000)
  eden space 2176512K, 100% used [0x0000000716a00000,0x000000079b780000,0x000000079b780000)
  from space 220672K, 99% used [0x00000007aca00000,0x00000007ba17bce0,0x00000007ba180000)
  to   space 281088K, 0% used [0x000000079b780000,0x000000079b780000,0x00000007aca00000)
 ParOldGen       total 683008K, used 469597K [0x00000005c3e00000, 0x00000005ed900000, 0x0000000716a00000)
  object space 683008K, 68% used [0x00000005c3e00000,0x00000005e0897400,0x00000005ed900000)
 Metaspace       used 89548K, capacity 91963K, committed 92160K, reserved 1128448K
  class space    used 13184K, capacity 13965K, committed 14080K, reserved 1048576K
Event: 61.314 GC heap after
Heap after GC invocations=31 (full 4):
 PSYoungGen      total 2457600K, used 281080K [0x0000000716a00000, 0x00000007c0000000, 0x00000007c0000000)
  eden space 2176512K, 0% used [0x0000000716a00000,0x0000000716a00000,0x000000079b780000)
  from space 281088K, 99% used [0x000000079b780000,0x00000007ac9fe088,0x00000007aca00000)
  to   space 317440K, 0% used [0x00000007aca00000,0x00000007aca00000,0x00000007c0000000)
 ParOldGen       total 683008K, used 616071K [0x00000005c3e00000, 0x00000005ed900000, 0x0000000716a00000)
  object space 683008K, 90% used [0x00000005c3e00000,0x00000005e97a1e58,0x00000005ed900000)
 Metaspace       used 89548K, capacity 91963K, committed 92160K, reserved 1128448K
  class space    used 13184K, capacity 13965K, committed 14080K, reserved 1048576K
}
Event: 61.314 GC heap before
{Heap before GC invocations=32 (full 5):
 PSYoungGen      total 2457600K, used 281080K [0x0000000716a00000, 0x00000007c0000000, 0x00000007c0000000)
  eden space 2176512K, 0% used [0x0000000716a00000,0x0000000716a00000,0x000000079b780000)
  from space 281088K, 99% used [0x000000079b780000,0x00000007ac9fe088,0x00000007aca00000)
  to   space 317440K, 0% used [0x00000007aca00000,0x00000007aca00000,0x00000007c0000000)
 ParOldGen       total 683008K, used 616071K [0x00000005c3e00000, 0x00000005ed900000, 0x0000000716a00000)
  object space 683008K, 90% used [0x00000005c3e00000,0x00000005e97a1e58,0x00000005ed900000)
 Metaspace       used 89548K, capacity 91963K, committed 92160K, reserved 1128448K
  class space    used 13184K, capacity 13965K, committed 14080K, reserved 1048576K
Event: 62.650 GC heap after
Heap after GC invocations=32 (full 5):
 PSYoungGen      total 2457600K, used 154913K [0x0000000716a00000, 0x00000007c0000000, 0x00000007c0000000)
  eden space 2176512K, 0% used [0x0000000716a00000,0x0000000716a00000,0x000000079b780000)
  from space 281088K, 55% used [0x000000079b780000,0x00000007a4ec8518,0x00000007aca00000)
  to   space 317440K, 0% used [0x00000007aca00000,0x00000007aca00000,0x00000007c0000000)
 ParOldGen       total 1098240K, used 682685K [0x00000005c3e00000, 0x0000000606e80000, 0x0000000716a00000)
  object space 1098240K, 62% used [0x00000005c3e00000,0x00000005ed8af5f0,0x0000000606e80000)
 Metaspace       used 89548K, capacity 91963K, committed 92160K, reserved 1128448K
  class space    used 13184K, capacity 13965K, committed 14080K, reserved 1048576K
}

